Analysis & Synthesis report for main
Wed Oct 31 03:26:44 2018
Quartus Prime Version 18.0.0 Build 614 04/24/2018 SJ Lite Edition


---------------------
; Table of Contents ;
---------------------
  1. Legal Notice
  2. Analysis & Synthesis Summary
  3. Analysis & Synthesis Settings
  4. Parallel Compilation
  5. Analysis & Synthesis Source Files Read
  6. Analysis & Synthesis Resource Usage Summary
  7. Analysis & Synthesis Resource Utilization by Entity
  8. Registers Removed During Synthesis
  9. General Register Statistics
 10. Multiplexer Restructuring Statistics (Restructuring Performed)
 11. Port Connectivity Checks: "hex_decoder:H5"
 12. Port Connectivity Checks: "hex_decoder:H4"
 13. Port Connectivity Checks: "datapath:d0"
 14. Port Connectivity Checks: "control:c0"
 15. Post-Synthesis Netlist Statistics for Top Partition
 16. Elapsed Time Per Partition
 17. Analysis & Synthesis Messages



----------------
; Legal Notice ;
----------------
Copyright (C) 2018  Intel Corporation. All rights reserved.
Your use of Intel Corporation's design tools, logic functions 
and other software and tools, and its AMPP partner logic 
functions, and any output files from any of the foregoing 
(including device programming or simulation files), and any 
associated documentation or information are expressly subject 
to the terms and conditions of the Intel Program License 
Subscription Agreement, the Intel Quartus Prime License Agreement,
the Intel FPGA IP License Agreement, or other applicable license
agreement, including, without limitation, that your use is for
the sole purpose of programming logic devices manufactured by
Intel and sold by Intel or its authorized distributors.  Please
refer to the applicable agreement for further details.



+-------------------------------------------------------------------------------+
; Analysis & Synthesis Summary                                                  ;
+---------------------------------+---------------------------------------------+
; Analysis & Synthesis Status     ; Successful - Wed Oct 31 03:26:44 2018       ;
; Quartus Prime Version           ; 18.0.0 Build 614 04/24/2018 SJ Lite Edition ;
; Revision Name                   ; main                                        ;
; Top-level Entity Name           ; main                                        ;
; Family                          ; Cyclone V                                   ;
; Logic utilization (in ALMs)     ; N/A                                         ;
; Total registers                 ; 19                                          ;
; Total pins                      ; 67                                          ;
; Total virtual pins              ; 0                                           ;
; Total block memory bits         ; 0                                           ;
; Total DSP Blocks                ; 0                                           ;
; Total HSSI RX PCSs              ; 0                                           ;
; Total HSSI PMA RX Deserializers ; 0                                           ;
; Total HSSI TX PCSs              ; 0                                           ;
; Total HSSI PMA TX Serializers   ; 0                                           ;
; Total PLLs                      ; 0                                           ;
; Total DLLs                      ; 0                                           ;
+---------------------------------+---------------------------------------------+


+---------------------------------------------------------------------------------------------------------------------------+
; Analysis & Synthesis Settings                                                                                             ;
+---------------------------------------------------------------------------------+--------------------+--------------------+
; Option                                                                          ; Setting            ; Default Value      ;
+---------------------------------------------------------------------------------+--------------------+--------------------+
; Device                                                                          ; 5CSEMA5F31C6       ;                    ;
; Top-level entity name                                                           ; main               ; main               ;
; Family name                                                                     ; Cyclone V          ; Cyclone V          ;
; Use smart compilation                                                           ; Off                ; Off                ;
; Enable parallel Assembler and Timing Analyzer during compilation                ; On                 ; On                 ;
; Enable compact report table                                                     ; Off                ; Off                ;
; Restructure Multiplexers                                                        ; Auto               ; Auto               ;
; MLAB Add Timing Constraints For Mixed-Port Feed-Through Mode Setting Don't Care ; Off                ; Off                ;
; Create Debugging Nodes for IP Cores                                             ; Off                ; Off                ;
; Preserve fewer node names                                                       ; On                 ; On                 ;
; Intel FPGA IP Evaluation Mode                                                   ; Enable             ; Enable             ;
; Verilog Version                                                                 ; Verilog_2001       ; Verilog_2001       ;
; VHDL Version                                                                    ; VHDL_1993          ; VHDL_1993          ;
; State Machine Processing                                                        ; Auto               ; Auto               ;
; Safe State Machine                                                              ; Off                ; Off                ;
; Extract Verilog State Machines                                                  ; On                 ; On                 ;
; Extract VHDL State Machines                                                     ; On                 ; On                 ;
; Ignore Verilog initial constructs                                               ; Off                ; Off                ;
; Iteration limit for constant Verilog loops                                      ; 5000               ; 5000               ;
; Iteration limit for non-constant Verilog loops                                  ; 250                ; 250                ;
; Add Pass-Through Logic to Inferred RAMs                                         ; On                 ; On                 ;
; Infer RAMs from Raw Logic                                                       ; On                 ; On                 ;
; Parallel Synthesis                                                              ; On                 ; On                 ;
; DSP Block Balancing                                                             ; Auto               ; Auto               ;
; NOT Gate Push-Back                                                              ; On                 ; On                 ;
; Power-Up Don't Care                                                             ; On                 ; On                 ;
; Remove Redundant Logic Cells                                                    ; Off                ; Off                ;
; Remove Duplicate Registers                                                      ; On                 ; On                 ;
; Ignore CARRY Buffers                                                            ; Off                ; Off                ;
; Ignore CASCADE Buffers                                                          ; Off                ; Off                ;
; Ignore GLOBAL Buffers                                                           ; Off                ; Off                ;
; Ignore ROW GLOBAL Buffers                                                       ; Off                ; Off                ;
; Ignore LCELL Buffers                                                            ; Off                ; Off                ;
; Ignore SOFT Buffers                                                             ; On                 ; On                 ;
; Limit AHDL Integers to 32 Bits                                                  ; Off                ; Off                ;
; Optimization Technique                                                          ; Balanced           ; Balanced           ;
; Carry Chain Length                                                              ; 70                 ; 70                 ;
; Auto Carry Chains                                                               ; On                 ; On                 ;
; Auto Open-Drain Pins                                                            ; On                 ; On                 ;
; Perform WYSIWYG Primitive Resynthesis                                           ; Off                ; Off                ;
; Auto ROM Replacement                                                            ; On                 ; On                 ;
; Auto RAM Replacement                                                            ; On                 ; On                 ;
; Auto DSP Block Replacement                                                      ; On                 ; On                 ;
; Auto Shift Register Replacement                                                 ; Auto               ; Auto               ;
; Allow Shift Register Merging across Hierarchies                                 ; Auto               ; Auto               ;
; Auto Clock Enable Replacement                                                   ; On                 ; On                 ;
; Strict RAM Replacement                                                          ; Off                ; Off                ;
; Allow Synchronous Control Signals                                               ; On                 ; On                 ;
; Force Use of Synchronous Clear Signals                                          ; Off                ; Off                ;
; Auto Resource Sharing                                                           ; Off                ; Off                ;
; Allow Any RAM Size For Recognition                                              ; Off                ; Off                ;
; Allow Any ROM Size For Recognition                                              ; Off                ; Off                ;
; Allow Any Shift Register Size For Recognition                                   ; Off                ; Off                ;
; Use LogicLock Constraints during Resource Balancing                             ; On                 ; On                 ;
; Ignore translate_off and synthesis_off directives                               ; Off                ; Off                ;
; Timing-Driven Synthesis                                                         ; On                 ; On                 ;
; Report Parameter Settings                                                       ; On                 ; On                 ;
; Report Source Assignments                                                       ; On                 ; On                 ;
; Report Connectivity Checks                                                      ; On                 ; On                 ;
; Ignore Maximum Fan-Out Assignments                                              ; Off                ; Off                ;
; Synchronization Register Chain Length                                           ; 3                  ; 3                  ;
; Power Optimization During Synthesis                                             ; Normal compilation ; Normal compilation ;
; HDL message level                                                               ; Level2             ; Level2             ;
; Suppress Register Optimization Related Messages                                 ; Off                ; Off                ;
; Number of Removed Registers Reported in Synthesis Report                        ; 5000               ; 5000               ;
; Number of Swept Nodes Reported in Synthesis Report                              ; 5000               ; 5000               ;
; Number of Inverted Registers Reported in Synthesis Report                       ; 100                ; 100                ;
; Clock MUX Protection                                                            ; On                 ; On                 ;
; Auto Gated Clock Conversion                                                     ; Off                ; Off                ;
; Block Design Naming                                                             ; Auto               ; Auto               ;
; SDC constraint protection                                                       ; Off                ; Off                ;
; Synthesis Effort                                                                ; Auto               ; Auto               ;
; Shift Register Replacement - Allow Asynchronous Clear Signal                    ; On                 ; On                 ;
; Pre-Mapping Resynthesis Optimization                                            ; Off                ; Off                ;
; Analysis & Synthesis Message Level                                              ; Medium             ; Medium             ;
; Disable Register Merging Across Hierarchies                                     ; Auto               ; Auto               ;
; Resource Aware Inference For Block RAM                                          ; On                 ; On                 ;
; Automatic Parallel Synthesis                                                    ; On                 ; On                 ;
; Partial Reconfiguration Bitstream ID                                            ; Off                ; Off                ;
+---------------------------------------------------------------------------------+--------------------+--------------------+


+------------------------------------------+
; Parallel Compilation                     ;
+----------------------------+-------------+
; Processors                 ; Number      ;
+----------------------------+-------------+
; Number detected on machine ; 16          ;
; Maximum allowed            ; 16          ;
;                            ;             ;
; Average used               ; 1.00        ;
; Maximum used               ; 16          ;
;                            ;             ;
; Usage by Processor         ; % Time Used ;
;     Processor 1            ; 100.0%      ;
;     Processors 2-16        ;   0.0%      ;
+----------------------------+-------------+


+--------------------------------------------------------------------------------------------------------------------------------------------+
; Analysis & Synthesis Source Files Read                                                                                                     ;
+----------------------------------+-----------------+------------------------+----------------------------------------------------+---------+
; File Name with User-Entered Path ; Used in Netlist ; File Type              ; File Name with Absolute Path                       ; Library ;
+----------------------------------+-----------------+------------------------+----------------------------------------------------+---------+
; main.v                           ; yes             ; User Verilog HDL File  ; C:/Users/Bob/Desktop/ECE241/Labs/Lab6/Part3/main.v ;         ;
+----------------------------------+-----------------+------------------------+----------------------------------------------------+---------+


+--------------------------------------------------------------+
; Analysis & Synthesis Resource Usage Summary                  ;
+---------------------------------------------+----------------+
; Resource                                    ; Usage          ;
+---------------------------------------------+----------------+
; Estimate of Logic utilization (ALMs needed) ; 32             ;
;                                             ;                ;
; Combinational ALUT usage for logic          ; 58             ;
;     -- 7 input functions                    ; 1              ;
;     -- 6 input functions                    ; 4              ;
;     -- 5 input functions                    ; 5              ;
;     -- 4 input functions                    ; 32             ;
;     -- <=3 input functions                  ; 16             ;
;                                             ;                ;
; Dedicated logic registers                   ; 19             ;
;                                             ;                ;
; I/O pins                                    ; 67             ;
;                                             ;                ;
; Total DSP Blocks                            ; 0              ;
;                                             ;                ;
; Maximum fan-out node                        ; CLOCK_50~input ;
; Maximum fan-out                             ; 19             ;
; Total fan-out                               ; 399            ;
; Average fan-out                             ; 1.89           ;
+---------------------------------------------+----------------+


+-----------------------------------------------------------------------------------------------------------------------------------------------------------------------------------------+
; Analysis & Synthesis Resource Utilization by Entity                                                                                                                                     ;
+----------------------------+---------------------+---------------------------+-------------------+------------+------+--------------+----------------------+-------------+--------------+
; Compilation Hierarchy Node ; Combinational ALUTs ; Dedicated Logic Registers ; Block Memory Bits ; DSP Blocks ; Pins ; Virtual Pins ; Full Hierarchy Name  ; Entity Name ; Library Name ;
+----------------------------+---------------------+---------------------------+-------------------+------------+------+--------------+----------------------+-------------+--------------+
; |main                      ; 58 (0)              ; 19 (0)                    ; 0                 ; 0          ; 67   ; 0            ; |main                ; main        ; work         ;
;    |control:c0|            ; 12 (12)             ; 6 (6)                     ; 0                 ; 0          ; 0    ; 0            ; |main|control:c0     ; control     ; work         ;
;    |datapath:d0|           ; 18 (18)             ; 13 (13)                   ; 0                 ; 0          ; 0    ; 0            ; |main|datapath:d0    ; datapath    ; work         ;
;    |hex_decoder:H0|        ; 7 (7)               ; 0 (0)                     ; 0                 ; 0          ; 0    ; 0            ; |main|hex_decoder:H0 ; hex_decoder ; work         ;
;    |hex_decoder:H1|        ; 7 (7)               ; 0 (0)                     ; 0                 ; 0          ; 0    ; 0            ; |main|hex_decoder:H1 ; hex_decoder ; work         ;
;    |hex_decoder:H2|        ; 7 (7)               ; 0 (0)                     ; 0                 ; 0          ; 0    ; 0            ; |main|hex_decoder:H2 ; hex_decoder ; work         ;
;    |hex_decoder:H3|        ; 7 (7)               ; 0 (0)                     ; 0                 ; 0          ; 0    ; 0            ; |main|hex_decoder:H3 ; hex_decoder ; work         ;
+----------------------------+---------------------+---------------------------+-------------------+------------+------+--------------+----------------------+-------------+--------------+
Note: For table entries with two numbers listed, the numbers in parentheses indicate the number of resources of the given type used by the specific entity alone. The numbers listed outside of parentheses indicate the total resources of the given type used by the specific entity and all of its sub-entities in the hierarchy.


+--------------------------------------------------------------------------------+
; Registers Removed During Synthesis                                             ;
+---------------------------------------+----------------------------------------+
; Register name                         ; Reason for Removal                     ;
+---------------------------------------+----------------------------------------+
; datapath:d0|divisor[4]                ; Stuck at GND due to stuck port data_in ;
; Total Number of Removed Registers = 1 ;                                        ;
+---------------------------------------+----------------------------------------+


+------------------------------------------------------+
; General Register Statistics                          ;
+----------------------------------------------+-------+
; Statistic                                    ; Value ;
+----------------------------------------------+-------+
; Total registers                              ; 19    ;
; Number of registers using Synchronous Clear  ; 15    ;
; Number of registers using Synchronous Load   ; 5     ;
; Number of registers using Asynchronous Clear ; 0     ;
; Number of registers using Asynchronous Load  ; 0     ;
; Number of registers using Clock Enable       ; 12    ;
; Number of registers using Preset             ; 0     ;
+----------------------------------------------+-------+


+---------------------------------------------------------------------------------------------------------------------------------------------+
; Multiplexer Restructuring Statistics (Restructuring Performed)                                                                              ;
+--------------------+-----------+---------------+----------------------+------------------------+------------+-------------------------------+
; Multiplexer Inputs ; Bus Width ; Baseline Area ; Area if Restructured ; Saving if Restructured ; Registered ; Example Multiplexer Output    ;
+--------------------+-----------+---------------+----------------------+------------------------+------------+-------------------------------+
; 3:1                ; 4 bits    ; 8 LEs         ; 4 LEs                ; 4 LEs                  ; Yes        ; |main|datapath:d0|divisor[0]  ;
; 4:1                ; 3 bits    ; 6 LEs         ; 6 LEs                ; 0 LEs                  ; Yes        ; |main|datapath:d0|dividend[1] ;
; 6:1                ; 5 bits    ; 20 LEs        ; 10 LEs               ; 10 LEs                 ; Yes        ; |main|datapath:d0|dividend[4] ;
+--------------------+-----------+---------------+----------------------+------------------------+------------+-------------------------------+


+-------------------------------------------------------------------------------------------------------------------------------------------------------------------------------------------------------------------------+
; Port Connectivity Checks: "hex_decoder:H5"                                                                                                                                                                              ;
+-----------------+-------+----------+------------------------------------------------------------------------------------------------------------------------------------------------------------------------------------+
; Port            ; Type  ; Severity ; Details                                                                                                                                                                            ;
+-----------------+-------+----------+------------------------------------------------------------------------------------------------------------------------------------------------------------------------------------+
; hex_digit       ; Input ; Warning  ; Input port expression (32 bits) is wider than the input port (4 bits) it drives.  The 28 most-significant bit(s) in the expression will be dangling if they have no other fanouts. ;
; hex_digit[3..0] ; Input ; Info     ; Stuck at GND                                                                                                                                                                       ;
+-----------------+-------+----------+------------------------------------------------------------------------------------------------------------------------------------------------------------------------------------+


+-------------------------------------------------------------------------------------------------------------------------------------------------------------------------------------------------------------------------+
; Port Connectivity Checks: "hex_decoder:H4"                                                                                                                                                                              ;
+-----------------+-------+----------+------------------------------------------------------------------------------------------------------------------------------------------------------------------------------------+
; Port            ; Type  ; Severity ; Details                                                                                                                                                                            ;
+-----------------+-------+----------+------------------------------------------------------------------------------------------------------------------------------------------------------------------------------------+
; hex_digit       ; Input ; Warning  ; Input port expression (32 bits) is wider than the input port (4 bits) it drives.  The 28 most-significant bit(s) in the expression will be dangling if they have no other fanouts. ;
; hex_digit[3..0] ; Input ; Info     ; Stuck at GND                                                                                                                                                                       ;
+-----------------+-------+----------+------------------------------------------------------------------------------------------------------------------------------------------------------------------------------------+


+--------------------------------------------------------------------------------------------------------------------------------------------------------------------+
; Port Connectivity Checks: "datapath:d0"                                                                                                                            ;
+-------------------+--------+----------+----------------------------------------------------------------------------------------------------------------------------+
; Port              ; Type   ; Severity ; Details                                                                                                                    ;
+-------------------+--------+----------+----------------------------------------------------------------------------------------------------------------------------+
; dividend_in[8..4] ; Input  ; Info     ; Stuck at GND                                                                                                               ;
; divisor_in[4]     ; Input  ; Info     ; Stuck at GND                                                                                                               ;
; dividend[8]       ; Output ; Info     ; Connected to dangling logic. Logic that only feeds a dangling port will be removed.                                        ;
; divisor           ; Output ; Warning  ; Output or bidir port (5 bits) is wider than the port expression (4 bits) it drives; bit(s) "divisor[4..4]" have no fanouts ;
; divisor           ; Output ; Info     ; Connected to dangling logic. Logic that only feeds a dangling port will be removed.                                        ;
+-------------------+--------+----------+----------------------------------------------------------------------------------------------------------------------------+


+-------------------------------------------------------------------------------------------------------------------------+
; Port Connectivity Checks: "control:c0"                                                                                  ;
+---------------+--------+----------+-------------------------------------------------------------------------------------+
; Port          ; Type   ; Severity ; Details                                                                             ;
+---------------+--------+----------+-------------------------------------------------------------------------------------+
; current_state ; Output ; Info     ; Connected to dangling logic. Logic that only feeds a dangling port will be removed. ;
; next_state    ; Output ; Info     ; Connected to dangling logic. Logic that only feeds a dangling port will be removed. ;
+---------------+--------+----------+-------------------------------------------------------------------------------------+


+-----------------------------------------------------+
; Post-Synthesis Netlist Statistics for Top Partition ;
+-----------------------+-----------------------------+
; Type                  ; Count                       ;
+-----------------------+-----------------------------+
; arriav_ff             ; 19                          ;
;     ENA               ; 4                           ;
;     ENA SCLR          ; 3                           ;
;     ENA SCLR SLD      ; 5                           ;
;     SCLR              ; 7                           ;
; arriav_lcell_comb     ; 64                          ;
;     arith             ; 6                           ;
;         1 data inputs ; 1                           ;
;         2 data inputs ; 1                           ;
;         3 data inputs ; 4                           ;
;     extend            ; 1                           ;
;         7 data inputs ; 1                           ;
;     normal            ; 57                          ;
;         0 data inputs ; 2                           ;
;         1 data inputs ; 4                           ;
;         2 data inputs ; 5                           ;
;         3 data inputs ; 5                           ;
;         4 data inputs ; 32                          ;
;         5 data inputs ; 5                           ;
;         6 data inputs ; 4                           ;
; boundary_port         ; 67                          ;
;                       ;                             ;
; Max LUT depth         ; 2.50                        ;
; Average LUT depth     ; 1.61                        ;
+-----------------------+-----------------------------+


+-------------------------------+
; Elapsed Time Per Partition    ;
+----------------+--------------+
; Partition Name ; Elapsed Time ;
+----------------+--------------+
; Top            ; 00:00:00     ;
+----------------+--------------+


+-------------------------------+
; Analysis & Synthesis Messages ;
+-------------------------------+
Info: *******************************************************************
Info: Running Quartus Prime Analysis & Synthesis
    Info: Version 18.0.0 Build 614 04/24/2018 SJ Lite Edition
    Info: Processing started: Wed Oct 31 03:26:35 2018
Info: Command: quartus_map --read_settings_files=on --write_settings_files=off Part3 -c main
Warning (18236): Number of processors has not been specified which may cause overloading on shared machines.  Set the global assignment NUM_PARALLEL_PROCESSORS in your QSF to an appropriate value for best performance.
Info (20030): Parallel compilation is enabled and will use 16 of the 16 processors detected
Info (12021): Found 4 design units, including 4 entities, in source file main.v
    Info (12023): Found entity 1: main File: C:/Users/Bob/Desktop/ECE241/Labs/Lab6/Part3/main.v Line: 9
    Info (12023): Found entity 2: datapath File: C:/Users/Bob/Desktop/ECE241/Labs/Lab6/Part3/main.v Line: 91
    Info (12023): Found entity 3: control File: C:/Users/Bob/Desktop/ECE241/Labs/Lab6/Part3/main.v Line: 128
    Info (12023): Found entity 4: hex_decoder File: C:/Users/Bob/Desktop/ECE241/Labs/Lab6/Part3/main.v Line: 479
Info (12127): Elaborating entity "main" for the top level hierarchy
Warning (10034): Output port "LEDR" at main.v(13) has no driver File: C:/Users/Bob/Desktop/ECE241/Labs/Lab6/Part3/main.v Line: 13
Info (12128): Elaborating entity "control" for hierarchy "control:c0" File: C:/Users/Bob/Desktop/ECE241/Labs/Lab6/Part3/main.v Line: 40
Warning (10270): Verilog HDL Case Statement warning at main.v(224): incomplete case statement has no default case item File: C:/Users/Bob/Desktop/ECE241/Labs/Lab6/Part3/main.v Line: 224
Info (12128): Elaborating entity "datapath" for hierarchy "datapath:d0" File: C:/Users/Bob/Desktop/ECE241/Labs/Lab6/Part3/main.v Line: 53
Info (12128): Elaborating entity "hex_decoder" for hierarchy "hex_decoder:H0" File: C:/Users/Bob/Desktop/ECE241/Labs/Lab6/Part3/main.v Line: 59
Warning (12241): 3 hierarchies have connectivity warnings - see the Connectivity Checks report folder
Warning (13024): Output pins are stuck at VCC or GND
    Warning (13410): Pin "LEDR[0]" is stuck at GND File: C:/Users/Bob/Desktop/ECE241/Labs/Lab6/Part3/main.v Line: 13
    Warning (13410): Pin "LEDR[1]" is stuck at GND File: C:/Users/Bob/Desktop/ECE241/Labs/Lab6/Part3/main.v Line: 13
    Warning (13410): Pin "LEDR[2]" is stuck at GND File: C:/Users/Bob/Desktop/ECE241/Labs/Lab6/Part3/main.v Line: 13
    Warning (13410): Pin "LEDR[3]" is stuck at GND File: C:/Users/Bob/Desktop/ECE241/Labs/Lab6/Part3/main.v Line: 13
    Warning (13410): Pin "LEDR[4]" is stuck at GND File: C:/Users/Bob/Desktop/ECE241/Labs/Lab6/Part3/main.v Line: 13
    Warning (13410): Pin "LEDR[5]" is stuck at GND File: C:/Users/Bob/Desktop/ECE241/Labs/Lab6/Part3/main.v Line: 13
    Warning (13410): Pin "LEDR[6]" is stuck at GND File: C:/Users/Bob/Desktop/ECE241/Labs/Lab6/Part3/main.v Line: 13
    Warning (13410): Pin "LEDR[7]" is stuck at GND File: C:/Users/Bob/Desktop/ECE241/Labs/Lab6/Part3/main.v Line: 13
    Warning (13410): Pin "LEDR[8]" is stuck at GND File: C:/Users/Bob/Desktop/ECE241/Labs/Lab6/Part3/main.v Line: 13
    Warning (13410): Pin "LEDR[9]" is stuck at GND File: C:/Users/Bob/Desktop/ECE241/Labs/Lab6/Part3/main.v Line: 13
    Warning (13410): Pin "HEX1[0]" is stuck at GND File: C:/Users/Bob/Desktop/ECE241/Labs/Lab6/Part3/main.v Line: 14
    Warning (13410): Pin "HEX1[1]" is stuck at GND File: C:/Users/Bob/Desktop/ECE241/Labs/Lab6/Part3/main.v Line: 14
    Warning (13410): Pin "HEX1[2]" is stuck at GND File: C:/Users/Bob/Desktop/ECE241/Labs/Lab6/Part3/main.v Line: 14
    Warning (13410): Pin "HEX1[3]" is stuck at GND File: C:/Users/Bob/Desktop/ECE241/Labs/Lab6/Part3/main.v Line: 14
    Warning (13410): Pin "HEX1[4]" is stuck at GND File: C:/Users/Bob/Desktop/ECE241/Labs/Lab6/Part3/main.v Line: 14
    Warning (13410): Pin "HEX1[5]" is stuck at GND File: C:/Users/Bob/Desktop/ECE241/Labs/Lab6/Part3/main.v Line: 14
    Warning (13410): Pin "HEX1[6]" is stuck at VCC File: C:/Users/Bob/Desktop/ECE241/Labs/Lab6/Part3/main.v Line: 14
    Warning (13410): Pin "HEX3[0]" is stuck at GND File: C:/Users/Bob/Desktop/ECE241/Labs/Lab6/Part3/main.v Line: 14
    Warning (13410): Pin "HEX3[1]" is stuck at GND File: C:/Users/Bob/Desktop/ECE241/Labs/Lab6/Part3/main.v Line: 14
    Warning (13410): Pin "HEX3[2]" is stuck at GND File: C:/Users/Bob/Desktop/ECE241/Labs/Lab6/Part3/main.v Line: 14
    Warning (13410): Pin "HEX3[3]" is stuck at GND File: C:/Users/Bob/Desktop/ECE241/Labs/Lab6/Part3/main.v Line: 14
    Warning (13410): Pin "HEX3[4]" is stuck at GND File: C:/Users/Bob/Desktop/ECE241/Labs/Lab6/Part3/main.v Line: 14
    Warning (13410): Pin "HEX3[5]" is stuck at GND File: C:/Users/Bob/Desktop/ECE241/Labs/Lab6/Part3/main.v Line: 14
    Warning (13410): Pin "HEX3[6]" is stuck at VCC File: C:/Users/Bob/Desktop/ECE241/Labs/Lab6/Part3/main.v Line: 14
Info (286030): Timing-Driven Synthesis is running
Info (16010): Generating hard_block partition "hard_block:auto_generated_inst"
    Info (16011): Adding 0 node(s), including 0 DDIO, 0 PLL, 0 transceiver and 0 LCELL
Warning (21074): Design contains 4 input pin(s) that do not drive logic
    Warning (15610): No output dependent on input pin "SW[8]" File: C:/Users/Bob/Desktop/ECE241/Labs/Lab6/Part3/main.v Line: 10
    Warning (15610): No output dependent on input pin "SW[9]" File: C:/Users/Bob/Desktop/ECE241/Labs/Lab6/Part3/main.v Line: 10
    Warning (15610): No output dependent on input pin "KEY[2]" File: C:/Users/Bob/Desktop/ECE241/Labs/Lab6/Part3/main.v Line: 11
    Warning (15610): No output dependent on input pin "KEY[3]" File: C:/Users/Bob/Desktop/ECE241/Labs/Lab6/Part3/main.v Line: 11
Info (21057): Implemented 125 device resources after synthesis - the final resource count might be different
    Info (21058): Implemented 15 input pins
    Info (21059): Implemented 52 output pins
    Info (21061): Implemented 58 logic cells
Info: Quartus Prime Analysis & Synthesis was successful. 0 errors, 34 warnings
    Info: Peak virtual memory: 4887 megabytes
    Info: Processing ended: Wed Oct 31 03:26:44 2018
    Info: Elapsed time: 00:00:09
    Info: Total CPU time (on all processors): 00:00:21


